Using pre-set license
Built from '2022.3/staging' branch; Version is '2022.3.14f1 (eff2de9070d8) revision 15725278'; Using compiler version '192829333'; Build Type 'Release'
OS: 'Windows 11  (10.0.22631) 64bit Core' Language: 'tr' Physical Memory: 16173 MB
BatchMode: 1, IsHumanControllingUs: 0, StartBugReporterOnCrash: 0, Is64bit: 1, IsPro: 1

COMMAND LINE ARGUMENTS:
C:\Program Files\Unity\Hub\Editor\2022.3.14f1\Editor\Unity.exe
-adb2
-batchMode
-noUpm
-name
AssetImportWorker1
-projectPath
C:/Users/Elmas/Documents/GitHub/OUABootcamp2024/Fish
-logFile
Logs/AssetImportWorker1.log
-srvPort
59278
Successfully changed project path to: C:/Users/Elmas/Documents/GitHub/OUABootcamp2024/Fish
C:/Users/Elmas/Documents/GitHub/OUABootcamp2024/Fish
[UnityMemory] Configuration Parameters - Can be set up in boot.config
    "memorysetup-bucket-allocator-granularity=16"
    "memorysetup-bucket-allocator-bucket-count=8"
    "memorysetup-bucket-allocator-block-size=33554432"
    "memorysetup-bucket-allocator-block-count=8"
    "memorysetup-main-allocator-block-size=16777216"
    "memorysetup-thread-allocator-block-size=16777216"
    "memorysetup-gfx-main-allocator-block-size=16777216"
    "memorysetup-gfx-thread-allocator-block-size=16777216"
    "memorysetup-cache-allocator-block-size=4194304"
    "memorysetup-typetree-allocator-block-size=2097152"
    "memorysetup-profiler-bucket-allocator-granularity=16"
    "memorysetup-profiler-bucket-allocator-bucket-count=8"
    "memorysetup-profiler-bucket-allocator-block-size=33554432"
    "memorysetup-profiler-bucket-allocator-block-count=8"
    "memorysetup-profiler-allocator-block-size=16777216"
    "memorysetup-profiler-editor-allocator-block-size=1048576"
    "memorysetup-temp-allocator-size-main=16777216"
    "memorysetup-job-temp-allocator-block-size=2097152"
    "memorysetup-job-temp-allocator-block-size-background=1048576"
    "memorysetup-job-temp-allocator-reduction-small-platforms=262144"
    "memorysetup-allocator-temp-initial-block-size-main=262144"
    "memorysetup-allocator-temp-initial-block-size-worker=262144"
    "memorysetup-temp-allocator-size-background-worker=32768"
    "memorysetup-temp-allocator-size-job-worker=262144"
    "memorysetup-temp-allocator-size-preload-manager=33554432"
    "memorysetup-temp-allocator-size-nav-mesh-worker=65536"
    "memorysetup-temp-allocator-size-audio-worker=65536"
    "memorysetup-temp-allocator-size-cloud-worker=32768"
    "memorysetup-temp-allocator-size-gi-baking-worker=262144"
    "memorysetup-temp-allocator-size-gfx=262144"
Player connection [3912] Host "[IP] 192.168.1.43 [Port] 0 [Flags] 2 [Guid] 1030052554 [EditorId] 1030052554 [Version] 1048832 [Id] WindowsEditor(7,DESKTOP-DRUICLQ) [Debug] 1 [PackageName] WindowsEditor [ProjectName] Editor" joined multi-casting on [225.0.0.222:54997]...

Player connection [3912] Host "[IP] 192.168.1.43 [Port] 0 [Flags] 2 [Guid] 1030052554 [EditorId] 1030052554 [Version] 1048832 [Id] WindowsEditor(7,DESKTOP-DRUICLQ) [Debug] 1 [PackageName] WindowsEditor [ProjectName] Editor" joined alternative multi-casting on [225.0.0.222:34997]...

[Physics::Module] Initialized MultithreadedJobDispatcher with 7 workers.
Refreshing native plugins compatible for Editor in 8.93 ms, found 3 plugins.
Preloading 0 native plugins for Editor in 0.00 ms.
Initialize engine version: 2022.3.14f1 (eff2de9070d8)
[Subsystems] Discovering subsystems at path C:/Program Files/Unity/Hub/Editor/2022.3.14f1/Editor/Data/Resources/UnitySubsystems
[Subsystems] Discovering subsystems at path C:/Users/Elmas/Documents/GitHub/OUABootcamp2024/Fish/Assets
GfxDevice: creating device client; threaded=0; jobified=0
Direct3D:
    Version:  Direct3D 11.0 [level 11.1]
    Renderer: NVIDIA GeForce GTX 1650 Ti (ID=0x1f95)
    Vendor:   NVIDIA
    VRAM:     3950 MB
    Driver:   31.0.15.4584
Initialize mono
Mono path[0] = 'C:/Program Files/Unity/Hub/Editor/2022.3.14f1/Editor/Data/Managed'
Mono path[1] = 'C:/Program Files/Unity/Hub/Editor/2022.3.14f1/Editor/Data/MonoBleedingEdge/lib/mono/unityjit-win32'
Mono config path = 'C:/Program Files/Unity/Hub/Editor/2022.3.14f1/Editor/Data/MonoBleedingEdge/etc'
Using monoOptions --debugger-agent=transport=dt_socket,embedding=1,server=y,suspend=n,address=127.0.0.1:56980
Begin MonoManager ReloadAssembly
Registering precompiled unity dll's ...
Register platform support module: C:/Program Files/Unity/Hub/Editor/2022.3.14f1/Editor/Data/PlaybackEngines/WindowsStandaloneSupport/UnityEditor.WindowsStandalone.Extensions.dll
Registered in 0.006728 seconds.
- Loaded All Assemblies, in  0.474 seconds
Native extension for WindowsStandalone target not found
Mono: successfully reloaded assembly
- Finished resetting the current domain, in  0.344 seconds
Domain Reload Profiling: 817ms
	BeginReloadAssembly (151ms)
		ExecutionOrderSort (0ms)
		DisableScriptedObjects (0ms)
		BackupInstance (0ms)
		ReleaseScriptingObjects (0ms)
		CreateAndSetChildDomain (1ms)
	RebuildCommonClasses (46ms)
	RebuildNativeTypeToScriptingClass (14ms)
	initialDomainReloadingComplete (71ms)
	LoadAllAssembliesAndSetupDomain (189ms)
		LoadAssemblies (149ms)
		RebuildTransferFunctionScriptingTraits (0ms)
		AnalyzeDomain (187ms)
			TypeCache.Refresh (185ms)
				TypeCache.ScanAssembly (165ms)
			ScanForSourceGeneratedMonoScriptInfo (1ms)
			ResolveRequiredComponents (1ms)
	FinalizeReload (345ms)
		ReleaseScriptCaches (0ms)
		RebuildScriptCaches (0ms)
		SetupLoadedEditorAssemblies (271ms)
			LogAssemblyErrors (0ms)
			InitializePlatformSupportModulesInManaged (9ms)
			SetLoadedEditorAssemblies (8ms)
			RefreshPlugins (0ms)
			BeforeProcessingInitializeOnLoad (2ms)
			ProcessInitializeOnLoadAttributes (188ms)
			ProcessInitializeOnLoadMethodAttributes (63ms)
			AfterProcessingInitializeOnLoad (0ms)
			EditorAssembliesLoaded (0ms)
		ExecutionOrderSort2 (0ms)
		AwakeInstancesAfterBackupRestoration (0ms)
========================================================================
Worker process is ready to serve import requests
Begin MonoManager ReloadAssembly
- Loaded All Assemblies, in  0.816 seconds
Refreshing native plugins compatible for Editor in 3.19 ms, found 3 plugins.
Native extension for WindowsStandalone target not found
Package Manager log level set to [2]
[Package Manager] Server::EnsureServerProcessIsRunning -- launch failed, reason: Unity was launched with the -noUpm command-line argument
[Package Manager] UpmClient::Send -- Unable to send message (not connected to UPM process).
[Package Manager] Cannot connect to Unity Package Manager local server
Mono: successfully reloaded assembly
- Finished resetting the current domain, in  0.899 seconds
Domain Reload Profiling: 1714ms
	BeginReloadAssembly (182ms)
		ExecutionOrderSort (0ms)
		DisableScriptedObjects (8ms)
		BackupInstance (0ms)
		ReleaseScriptingObjects (0ms)
		CreateAndSetChildDomain (23ms)
	RebuildCommonClasses (46ms)
	RebuildNativeTypeToScriptingClass (13ms)
	initialDomainReloadingComplete (54ms)
	LoadAllAssembliesAndSetupDomain (518ms)
		LoadAssemblies (368ms)
		RebuildTransferFunctionScriptingTraits (0ms)
		AnalyzeDomain (257ms)
			TypeCache.Refresh (223ms)
				TypeCache.ScanAssembly (202ms)
			ScanForSourceGeneratedMonoScriptInfo (26ms)
			ResolveRequiredComponents (6ms)
	FinalizeReload (900ms)
		ReleaseScriptCaches (0ms)
		RebuildScriptCaches (0ms)
		SetupLoadedEditorAssemblies (675ms)
			LogAssemblyErrors (0ms)
			InitializePlatformSupportModulesInManaged (6ms)
			SetLoadedEditorAssemblies (7ms)
			RefreshPlugins (0ms)
			BeforeProcessingInitializeOnLoad (77ms)
			ProcessInitializeOnLoadAttributes (542ms)
			ProcessInitializeOnLoadMethodAttributes (35ms)
			AfterProcessingInitializeOnLoad (8ms)
			EditorAssembliesLoaded (1ms)
		ExecutionOrderSort2 (0ms)
		AwakeInstancesAfterBackupRestoration (11ms)
Launched and connected shader compiler UnityShaderCompiler.exe after 0.06 seconds
Refreshing native plugins compatible for Editor in 4.79 ms, found 3 plugins.
Preloading 0 native plugins for Editor in 0.00 ms.
Unloading 3493 Unused Serialized files (Serialized files now loaded: 0)
Unloading 37 unused Assets / (114.6 KB). Loaded Objects now: 3975.
Memory consumption went from 225.6 MB to 225.5 MB.
Total: 6.375800 ms (FindLiveObjects: 0.552700 ms CreateObjectMapping: 0.899500 ms MarkObjects: 4.631100 ms  DeleteObjects: 0.291100 ms)

AssetImportParameters requested are different than current active one (requested -> active):
  custom:container-demuxer-ogg: 62fdf1f143b41e24485cea50d1cbac27 -> 
  custom:video-decoder-ogg-theora: a1e56fd34408186e4bbccfd4996cb3dc -> 
  custom:framework-win-MediaFoundation: 216162199b28c13a410421893ffa2e32 -> 
  custom:CustomObjectIndexerAttribute: 756ad292c208cfabdd7b50bc23989ffe -> 
  custom:container-demuxer-webm: 4f35f7cbe854078d1ac9338744f61a02 -> 
  custom:container-muxer-webm: aa71ff27fc2769a1b78a27578f13a17b -> 
  custom:video-decoder-webm-vp8: 9c59270c3fd7afecdb556c50c9e8de78 -> 
  custom:SearchIndexIgnoredProperties: e643bd26f0fe6173181afceb89e7c659 -> 
  custom:AudioImporter_EditorPlatform: d09bf68614088b80899f8185d706f6e7 -> 
  custom:video-encoder-webm-vp8: eb34c28f22e8b96e1ab97ce403110664 -> 
  custom:audio-decoder-ogg-vorbis: bf7c407c2cedff20999df2af8eb42d56 -> 
  custom:audio-encoder-webm-vorbis: bf7c407c2cedff20999df2af8eb42d56 -> 
========================================================================
Received Import Request.
  Time since last request: 27520.581341 seconds.
  path: Assets/Palmov Island/Low Poly Houses Free Pack/Scenes/sahne2_son.unity
  artifactKey: Guid(06db8b40c9740a44ea32f0266002716d) Importer(815301076,1909f56bfc062723c751e8b465ee728b)
Start importing Assets/Palmov Island/Low Poly Houses Free Pack/Scenes/sahne2_son.unity using Guid(06db8b40c9740a44ea32f0266002716d) Importer(815301076,1909f56bfc062723c751e8b465ee728b)  -> (artifact id: 'fe73bcec37bf355cb261f41c8857624f') in 0.004169 seconds
Number of updated asset objects reloaded before import = 0
Number of asset objects unloaded after import = 0
========================================================================
Received Import Request.
  Time since last request: 103.766697 seconds.
  path: Assets/Food_FREE/Meshes/banana_001.fbx
  artifactKey: Guid(75def7bcd833c6d48b914c8b78f48891) Importer(815301076,1909f56bfc062723c751e8b465ee728b)
Start importing Assets/Food_FREE/Meshes/banana_001.fbx using Guid(75def7bcd833c6d48b914c8b78f48891) Importer(815301076,1909f56bfc062723c751e8b465ee728b)  -> (artifact id: '30b15ba26bc4b7df0a48fa76f8677df6') in 0.162458 seconds
Number of updated asset objects reloaded before import = 0
Number of asset objects unloaded after import = 7
========================================================================
Received Import Request.
  Time since last request: 0.000017 seconds.
  path: Assets/Food_FREE/Meshes/eggplant_001.fbx
  artifactKey: Guid(6337d2f9a4f13df48bbf04e2c5ae8f40) Importer(815301076,1909f56bfc062723c751e8b465ee728b)
Start importing Assets/Food_FREE/Meshes/eggplant_001.fbx using Guid(6337d2f9a4f13df48bbf04e2c5ae8f40) Importer(815301076,1909f56bfc062723c751e8b465ee728b)  -> (artifact id: '7f131549adbc67870d276bf31bce9df4') in 0.025004 seconds
Number of updated asset objects reloaded before import = 0
Number of asset objects unloaded after import = 7
========================================================================
Received Import Request.
  Time since last request: 0.000018 seconds.
  path: Assets/Food_FREE/Meshes/fish_001.fbx
  artifactKey: Guid(cc9555660233b1f4c8e9da5c66a9dab1) Importer(815301076,1909f56bfc062723c751e8b465ee728b)
Start importing Assets/Food_FREE/Meshes/fish_001.fbx using Guid(cc9555660233b1f4c8e9da5c66a9dab1) Importer(815301076,1909f56bfc062723c751e8b465ee728b)  -> (artifact id: '687ceed1e3575ddebaf70d99a20d1a50') in 0.021621 seconds
Number of updated asset objects reloaded before import = 0
Number of asset objects unloaded after import = 7
========================================================================
Received Import Request.
  Time since last request: 0.000036 seconds.
  path: Assets/Food_FREE/Meshes/tomato_001.fbx
  artifactKey: Guid(0fe214b4718d3fc41aa37c205ae164ec) Importer(815301076,1909f56bfc062723c751e8b465ee728b)
Start importing Assets/Food_FREE/Meshes/tomato_001.fbx using Guid(0fe214b4718d3fc41aa37c205ae164ec) Importer(815301076,1909f56bfc062723c751e8b465ee728b)  -> (artifact id: '0bea24d5fb2de5e258b2d8de2f7c0882') in 0.025442 seconds
Number of updated asset objects reloaded before import = 0
Number of asset objects unloaded after import = 7
========================================================================
Received Import Request.
  Time since last request: 0.000018 seconds.
  path: Assets/Food_FREE/Meshes/drink_004.fbx
  artifactKey: Guid(0de433cdd2e4443429aa1ea006d5ed6f) Importer(815301076,1909f56bfc062723c751e8b465ee728b)
Start importing Assets/Food_FREE/Meshes/drink_004.fbx using Guid(0de433cdd2e4443429aa1ea006d5ed6f) Importer(815301076,1909f56bfc062723c751e8b465ee728b)  -> (artifact id: '1d2427cc42d8fe533f41354f48fe4892') in 0.019901 seconds
Number of updated asset objects reloaded before import = 0
Number of asset objects unloaded after import = 7
========================================================================
Received Import Request.
  Time since last request: 0.000034 seconds.
  path: Assets/Food_FREE/Meshes/sushi_dish_001.fbx
  artifactKey: Guid(a290a309ed93f924b8c5e5727f903d00) Importer(815301076,1909f56bfc062723c751e8b465ee728b)
Start importing Assets/Food_FREE/Meshes/sushi_dish_001.fbx using Guid(a290a309ed93f924b8c5e5727f903d00) Importer(815301076,1909f56bfc062723c751e8b465ee728b)  -> (artifact id: '33499887b3d5d32cc261915124daf12c') in 0.025783 seconds
Number of updated asset objects reloaded before import = 0
Number of asset objects unloaded after import = 7
========================================================================
Received Import Request.
  Time since last request: 0.000013 seconds.
  path: Assets/Food_FREE/Meshes/drink_002.fbx
  artifactKey: Guid(00b8347628af935489c0e2363cf81d0a) Importer(815301076,1909f56bfc062723c751e8b465ee728b)
Start importing Assets/Food_FREE/Meshes/drink_002.fbx using Guid(00b8347628af935489c0e2363cf81d0a) Importer(815301076,1909f56bfc062723c751e8b465ee728b)  -> (artifact id: 'c190ce7f355903e73e3084a482dbc530') in 0.018270 seconds
Number of updated asset objects reloaded before import = 0
Number of asset objects unloaded after import = 7
========================================================================
Received Import Request.
  Time since last request: 0.000021 seconds.
  path: Assets/Food_FREE/Meshes/donut_001.fbx
  artifactKey: Guid(577045aaae10359478868e58bdc87b03) Importer(815301076,1909f56bfc062723c751e8b465ee728b)
Start importing Assets/Food_FREE/Meshes/donut_001.fbx using Guid(577045aaae10359478868e58bdc87b03) Importer(815301076,1909f56bfc062723c751e8b465ee728b)  -> (artifact id: '04ce229ec1239f06e5d67ec3d567ed3e') in 0.019734 seconds
Number of updated asset objects reloaded before import = 0
Number of asset objects unloaded after import = 7
========================================================================
Received Import Request.
  Time since last request: 0.000014 seconds.
  path: Assets/Food_FREE/Meshes/carrot_001.fbx
  artifactKey: Guid(2428bc9b446678141b15545e45551790) Importer(815301076,1909f56bfc062723c751e8b465ee728b)
Start importing Assets/Food_FREE/Meshes/carrot_001.fbx using Guid(2428bc9b446678141b15545e45551790) Importer(815301076,1909f56bfc062723c751e8b465ee728b)  -> (artifact id: 'd1720a57678b041a4ca58175bc4e0f08') in 0.019171 seconds
Number of updated asset objects reloaded before import = 0
Number of asset objects unloaded after import = 7
========================================================================
Received Import Request.
  Time since last request: 0.000018 seconds.
  path: Assets/Food_FREE/Meshes/yogurt_001.fbx
  artifactKey: Guid(fcc9a477b25cb8a49a54aeb8fd4e21e5) Importer(815301076,1909f56bfc062723c751e8b465ee728b)
Start importing Assets/Food_FREE/Meshes/yogurt_001.fbx using Guid(fcc9a477b25cb8a49a54aeb8fd4e21e5) Importer(815301076,1909f56bfc062723c751e8b465ee728b)  -> (artifact id: 'e4c28e3616f55fb43d4f5153aae0df5a') in 0.022241 seconds
Number of updated asset objects reloaded before import = 0
Number of asset objects unloaded after import = 7
========================================================================
Received Import Request.
  Time since last request: 0.000024 seconds.
  path: Assets/Food_FREE/Meshes/wineglass_002.fbx
  artifactKey: Guid(3f99848e2dea54c44bd892c8b71bf04e) Importer(815301076,1909f56bfc062723c751e8b465ee728b)
Start importing Assets/Food_FREE/Meshes/wineglass_002.fbx using Guid(3f99848e2dea54c44bd892c8b71bf04e) Importer(815301076,1909f56bfc062723c751e8b465ee728b)  -> (artifact id: '208510eda826628e0ca41658cb77ca58') in 0.024164 seconds
Number of updated asset objects reloaded before import = 0
Number of asset objects unloaded after import = 7
========================================================================
Received Import Request.
  Time since last request: 0.000038 seconds.
  path: Assets/Food_FREE/Meshes/drink_001.fbx
  artifactKey: Guid(405951cf51ef9e5449650a260d9c7d7d) Importer(815301076,1909f56bfc062723c751e8b465ee728b)
Start importing Assets/Food_FREE/Meshes/drink_001.fbx using Guid(405951cf51ef9e5449650a260d9c7d7d) Importer(815301076,1909f56bfc062723c751e8b465ee728b)  -> (artifact id: '427d931a2214be1f235c0e8fbb3a36bb') in 0.022862 seconds
Number of updated asset objects reloaded before import = 0
Number of asset objects unloaded after import = 7
========================================================================
Received Import Request.
  Time since last request: 0.000016 seconds.
  path: Assets/Food_FREE/Meshes/sausages_001.fbx
  artifactKey: Guid(1a8ac2d74773764459a79d717ae3ab9f) Importer(815301076,1909f56bfc062723c751e8b465ee728b)
Start importing Assets/Food_FREE/Meshes/sausages_001.fbx using Guid(1a8ac2d74773764459a79d717ae3ab9f) Importer(815301076,1909f56bfc062723c751e8b465ee728b)  -> (artifact id: '7f5ffbfce1ff8fa3572850e2feb84963') in 0.017227 seconds
Number of updated asset objects reloaded before import = 0
Number of asset objects unloaded after import = 7
