Using pre-set license
Built from '2022.3/staging' branch; Version is '2022.3.14f1 (eff2de9070d8) revision 15725278'; Using compiler version '192829333'; Build Type 'Release'
OS: 'Windows 11  (10.0.22631) 64bit Core' Language: 'tr' Physical Memory: 16173 MB
BatchMode: 1, IsHumanControllingUs: 0, StartBugReporterOnCrash: 0, Is64bit: 1, IsPro: 1

COMMAND LINE ARGUMENTS:
C:\Program Files\Unity\Hub\Editor\2022.3.14f1\Editor\Unity.exe
-adb2
-batchMode
-noUpm
-name
AssetImportWorker0
-projectPath
C:/Users/Elmas/Documents/GitHub/OUABootcamp2024/Fish
-logFile
Logs/AssetImportWorker0.log
-srvPort
52603
Successfully changed project path to: C:/Users/Elmas/Documents/GitHub/OUABootcamp2024/Fish
C:/Users/Elmas/Documents/GitHub/OUABootcamp2024/Fish
[UnityMemory] Configuration Parameters - Can be set up in boot.config
    "memorysetup-bucket-allocator-granularity=16"
    "memorysetup-bucket-allocator-bucket-count=8"
    "memorysetup-bucket-allocator-block-size=33554432"
    "memorysetup-bucket-allocator-block-count=8"
    "memorysetup-main-allocator-block-size=16777216"
    "memorysetup-thread-allocator-block-size=16777216"
    "memorysetup-gfx-main-allocator-block-size=16777216"
    "memorysetup-gfx-thread-allocator-block-size=16777216"
    "memorysetup-cache-allocator-block-size=4194304"
    "memorysetup-typetree-allocator-block-size=2097152"
    "memorysetup-profiler-bucket-allocator-granularity=16"
    "memorysetup-profiler-bucket-allocator-bucket-count=8"
    "memorysetup-profiler-bucket-allocator-block-size=33554432"
    "memorysetup-profiler-bucket-allocator-block-count=8"
    "memorysetup-profiler-allocator-block-size=16777216"
    "memorysetup-profiler-editor-allocator-block-size=1048576"
    "memorysetup-temp-allocator-size-main=16777216"
    "memorysetup-job-temp-allocator-block-size=2097152"
    "memorysetup-job-temp-allocator-block-size-background=1048576"
    "memorysetup-job-temp-allocator-reduction-small-platforms=262144"
    "memorysetup-allocator-temp-initial-block-size-main=262144"
    "memorysetup-allocator-temp-initial-block-size-worker=262144"
    "memorysetup-temp-allocator-size-background-worker=32768"
    "memorysetup-temp-allocator-size-job-worker=262144"
    "memorysetup-temp-allocator-size-preload-manager=33554432"
    "memorysetup-temp-allocator-size-nav-mesh-worker=65536"
    "memorysetup-temp-allocator-size-audio-worker=65536"
    "memorysetup-temp-allocator-size-cloud-worker=32768"
    "memorysetup-temp-allocator-size-gi-baking-worker=262144"
    "memorysetup-temp-allocator-size-gfx=262144"
Player connection [10528] Host "[IP] 192.168.1.43 [Port] 0 [Flags] 2 [Guid] 1693433506 [EditorId] 1693433506 [Version] 1048832 [Id] WindowsEditor(7,DESKTOP-DRUICLQ) [Debug] 1 [PackageName] WindowsEditor [ProjectName] Editor" joined multi-casting on [225.0.0.222:54997]...

Player connection [10528] Host "[IP] 192.168.1.43 [Port] 0 [Flags] 2 [Guid] 1693433506 [EditorId] 1693433506 [Version] 1048832 [Id] WindowsEditor(7,DESKTOP-DRUICLQ) [Debug] 1 [PackageName] WindowsEditor [ProjectName] Editor" joined alternative multi-casting on [225.0.0.222:34997]...

[Physics::Module] Initialized MultithreadedJobDispatcher with 7 workers.
Refreshing native plugins compatible for Editor in 7.28 ms, found 3 plugins.
Preloading 0 native plugins for Editor in 0.00 ms.
Initialize engine version: 2022.3.14f1 (eff2de9070d8)
[Subsystems] Discovering subsystems at path C:/Program Files/Unity/Hub/Editor/2022.3.14f1/Editor/Data/Resources/UnitySubsystems
[Subsystems] Discovering subsystems at path C:/Users/Elmas/Documents/GitHub/OUABootcamp2024/Fish/Assets
GfxDevice: creating device client; threaded=0; jobified=0
Direct3D:
    Version:  Direct3D 11.0 [level 11.1]
    Renderer: NVIDIA GeForce GTX 1650 Ti (ID=0x1f95)
    Vendor:   NVIDIA
    VRAM:     3950 MB
    Driver:   31.0.15.4584
Initialize mono
Mono path[0] = 'C:/Program Files/Unity/Hub/Editor/2022.3.14f1/Editor/Data/Managed'
Mono path[1] = 'C:/Program Files/Unity/Hub/Editor/2022.3.14f1/Editor/Data/MonoBleedingEdge/lib/mono/unityjit-win32'
Mono config path = 'C:/Program Files/Unity/Hub/Editor/2022.3.14f1/Editor/Data/MonoBleedingEdge/etc'
Using monoOptions --debugger-agent=transport=dt_socket,embedding=1,server=y,suspend=n,address=127.0.0.1:56652
Begin MonoManager ReloadAssembly
Registering precompiled unity dll's ...
Register platform support module: C:/Program Files/Unity/Hub/Editor/2022.3.14f1/Editor/Data/PlaybackEngines/WindowsStandaloneSupport/UnityEditor.WindowsStandalone.Extensions.dll
Registered in 0.005577 seconds.
- Loaded All Assemblies, in  0.391 seconds
Native extension for WindowsStandalone target not found
Mono: successfully reloaded assembly
- Finished resetting the current domain, in  0.284 seconds
Domain Reload Profiling: 674ms
	BeginReloadAssembly (119ms)
		ExecutionOrderSort (0ms)
		DisableScriptedObjects (0ms)
		BackupInstance (0ms)
		ReleaseScriptingObjects (0ms)
		CreateAndSetChildDomain (1ms)
	RebuildCommonClasses (38ms)
	RebuildNativeTypeToScriptingClass (12ms)
	initialDomainReloadingComplete (60ms)
	LoadAllAssembliesAndSetupDomain (160ms)
		LoadAssemblies (116ms)
		RebuildTransferFunctionScriptingTraits (0ms)
		AnalyzeDomain (159ms)
			TypeCache.Refresh (157ms)
				TypeCache.ScanAssembly (142ms)
			ScanForSourceGeneratedMonoScriptInfo (0ms)
			ResolveRequiredComponents (0ms)
	FinalizeReload (285ms)
		ReleaseScriptCaches (0ms)
		RebuildScriptCaches (0ms)
		SetupLoadedEditorAssemblies (216ms)
			LogAssemblyErrors (0ms)
			InitializePlatformSupportModulesInManaged (9ms)
			SetLoadedEditorAssemblies (9ms)
			RefreshPlugins (0ms)
			BeforeProcessingInitializeOnLoad (2ms)
			ProcessInitializeOnLoadAttributes (144ms)
			ProcessInitializeOnLoadMethodAttributes (52ms)
			AfterProcessingInitializeOnLoad (0ms)
			EditorAssembliesLoaded (0ms)
		ExecutionOrderSort2 (0ms)
		AwakeInstancesAfterBackupRestoration (0ms)
========================================================================
Worker process is ready to serve import requests
Begin MonoManager ReloadAssembly
- Loaded All Assemblies, in  0.754 seconds
Refreshing native plugins compatible for Editor in 2.61 ms, found 3 plugins.
Native extension for WindowsStandalone target not found
Package Manager log level set to [2]
[Package Manager] Server::EnsureServerProcessIsRunning -- launch failed, reason: Unity was launched with the -noUpm command-line argument
[Package Manager] UpmClient::Send -- Unable to send message (not connected to UPM process).
[Package Manager] Cannot connect to Unity Package Manager local server
Mono: successfully reloaded assembly
- Finished resetting the current domain, in  0.637 seconds
Domain Reload Profiling: 1389ms
	BeginReloadAssembly (170ms)
		ExecutionOrderSort (0ms)
		DisableScriptedObjects (6ms)
		BackupInstance (0ms)
		ReleaseScriptingObjects (0ms)
		CreateAndSetChildDomain (23ms)
	RebuildCommonClasses (42ms)
	RebuildNativeTypeToScriptingClass (12ms)
	initialDomainReloadingComplete (42ms)
	LoadAllAssembliesAndSetupDomain (487ms)
		LoadAssemblies (345ms)
		RebuildTransferFunctionScriptingTraits (0ms)
		AnalyzeDomain (244ms)
			TypeCache.Refresh (220ms)
				TypeCache.ScanAssembly (201ms)
			ScanForSourceGeneratedMonoScriptInfo (18ms)
			ResolveRequiredComponents (5ms)
	FinalizeReload (638ms)
		ReleaseScriptCaches (0ms)
		RebuildScriptCaches (0ms)
		SetupLoadedEditorAssemblies (469ms)
			LogAssemblyErrors (0ms)
			InitializePlatformSupportModulesInManaged (5ms)
			SetLoadedEditorAssemblies (3ms)
			RefreshPlugins (0ms)
			BeforeProcessingInitializeOnLoad (67ms)
			ProcessInitializeOnLoadAttributes (364ms)
			ProcessInitializeOnLoadMethodAttributes (23ms)
			AfterProcessingInitializeOnLoad (6ms)
			EditorAssembliesLoaded (0ms)
		ExecutionOrderSort2 (0ms)
		AwakeInstancesAfterBackupRestoration (8ms)
Launched and connected shader compiler UnityShaderCompiler.exe after 0.05 seconds
Refreshing native plugins compatible for Editor in 4.65 ms, found 3 plugins.
Preloading 0 native plugins for Editor in 0.00 ms.
Unloading 3471 Unused Serialized files (Serialized files now loaded: 0)
Unloading 37 unused Assets / (114.6 KB). Loaded Objects now: 3949.
Memory consumption went from 222.5 MB to 222.4 MB.
Total: 3.292200 ms (FindLiveObjects: 0.340400 ms CreateObjectMapping: 0.303700 ms MarkObjects: 2.472600 ms  DeleteObjects: 0.174400 ms)

AssetImportParameters requested are different than current active one (requested -> active):
  custom:container-demuxer-ogg: 62fdf1f143b41e24485cea50d1cbac27 -> 
  custom:video-decoder-ogg-theora: a1e56fd34408186e4bbccfd4996cb3dc -> 
  custom:framework-win-MediaFoundation: 216162199b28c13a410421893ffa2e32 -> 
  custom:CustomObjectIndexerAttribute: 756ad292c208cfabdd7b50bc23989ffe -> 
  custom:container-demuxer-webm: 4f35f7cbe854078d1ac9338744f61a02 -> 
  custom:container-muxer-webm: aa71ff27fc2769a1b78a27578f13a17b -> 
  custom:video-decoder-webm-vp8: 9c59270c3fd7afecdb556c50c9e8de78 -> 
  custom:SearchIndexIgnoredProperties: e643bd26f0fe6173181afceb89e7c659 -> 
  custom:AudioImporter_EditorPlatform: d09bf68614088b80899f8185d706f6e7 -> 
  custom:video-encoder-webm-vp8: eb34c28f22e8b96e1ab97ce403110664 -> 
  custom:audio-decoder-ogg-vorbis: bf7c407c2cedff20999df2af8eb42d56 -> 
  custom:audio-encoder-webm-vorbis: bf7c407c2cedff20999df2af8eb42d56 -> 
========================================================================
Received Import Request.
  Time since last request: 149090.491355 seconds.
  path: Assets/Fantasy_Free/Prefabs/box_001.001.prefab
  artifactKey: Guid(5e79dfc4e2a7124419877fe812b1bb97) Importer(815301076,1909f56bfc062723c751e8b465ee728b)
Start importing Assets/Fantasy_Free/Prefabs/box_001.001.prefab using Guid(5e79dfc4e2a7124419877fe812b1bb97) Importer(815301076,1909f56bfc062723c751e8b465ee728b)  -> (artifact id: '058553f8b4666033db8d2cec070c3dbd') in 0.135730 seconds
Number of updated asset objects reloaded before import = 0
Number of asset objects unloaded after import = 17
========================================================================
Received Import Request.
  Time since last request: 0.000030 seconds.
  path: Assets/Fantasy_Free/Prefabs/jug_001.prefab
  artifactKey: Guid(f0d98afcbc58f254ca211e946d2872e6) Importer(815301076,1909f56bfc062723c751e8b465ee728b)
Start importing Assets/Fantasy_Free/Prefabs/jug_001.prefab using Guid(f0d98afcbc58f254ca211e946d2872e6) Importer(815301076,1909f56bfc062723c751e8b465ee728b)  -> (artifact id: 'a0e212071165102095d531be807991b4') in 0.016994 seconds
Number of updated asset objects reloaded before import = 0
Number of asset objects unloaded after import = 17
========================================================================
Received Import Request.
  Time since last request: 0.000016 seconds.
  path: Assets/Fantasy_Free/Prefabs/fabulous_mushroom_001.prefab
  artifactKey: Guid(538f158affb0df448a8b722276712356) Importer(815301076,1909f56bfc062723c751e8b465ee728b)
Start importing Assets/Fantasy_Free/Prefabs/fabulous_mushroom_001.prefab using Guid(538f158affb0df448a8b722276712356) Importer(815301076,1909f56bfc062723c751e8b465ee728b)  -> (artifact id: '5753a96f3dbd07906232c21f6c2b4e93') in 0.016819 seconds
Number of updated asset objects reloaded before import = 0
Number of asset objects unloaded after import = 17
========================================================================
Received Import Request.
  Time since last request: 0.000016 seconds.
  path: Assets/Fantasy_Free/Prefabs/bag_002.prefab
  artifactKey: Guid(fdefba5aaec2a2540870025c11f2de18) Importer(815301076,1909f56bfc062723c751e8b465ee728b)
Start importing Assets/Fantasy_Free/Prefabs/bag_002.prefab using Guid(fdefba5aaec2a2540870025c11f2de18) Importer(815301076,1909f56bfc062723c751e8b465ee728b)  -> (artifact id: 'c6d92dd62d694b55a03cc3eae26b4e7a') in 0.015225 seconds
Number of updated asset objects reloaded before import = 0
Number of asset objects unloaded after import = 17
========================================================================
Received Import Request.
  Time since last request: 0.000017 seconds.
  path: Assets/Fantasy_Free/Prefabs/bag_003.prefab
  artifactKey: Guid(e150349ee58d95e43bb8611a51c98f74) Importer(815301076,1909f56bfc062723c751e8b465ee728b)
Start importing Assets/Fantasy_Free/Prefabs/bag_003.prefab using Guid(e150349ee58d95e43bb8611a51c98f74) Importer(815301076,1909f56bfc062723c751e8b465ee728b)  -> (artifact id: 'b18b8bca48f14f33c2fcf47e4ebf3d4e') in 0.015911 seconds
Number of updated asset objects reloaded before import = 0
Number of asset objects unloaded after import = 17
========================================================================
Received Import Request.
  Time since last request: 0.000014 seconds.
  path: Assets/Fantasy_Free/Prefabs/house_003.prefab
  artifactKey: Guid(b532d1daf8067554d994cffdbd4e8e95) Importer(815301076,1909f56bfc062723c751e8b465ee728b)
Start importing Assets/Fantasy_Free/Prefabs/house_003.prefab using Guid(b532d1daf8067554d994cffdbd4e8e95) Importer(815301076,1909f56bfc062723c751e8b465ee728b)  -> (artifact id: 'ca60245d533705d81200603f10c65ca6') in 0.014428 seconds
Number of updated asset objects reloaded before import = 0
Number of asset objects unloaded after import = 17
========================================================================
Received Import Request.
  Time since last request: 0.000015 seconds.
  path: Assets/Fantasy_Free/Prefabs/crane_001.prefab
  artifactKey: Guid(d86b48732c39c484c8dbf5234e805ac7) Importer(815301076,1909f56bfc062723c751e8b465ee728b)
Start importing Assets/Fantasy_Free/Prefabs/crane_001.prefab using Guid(d86b48732c39c484c8dbf5234e805ac7) Importer(815301076,1909f56bfc062723c751e8b465ee728b)  -> (artifact id: '2ebbeb4d4c520e4a0f32019c6aaef920') in 0.020270 seconds
Number of updated asset objects reloaded before import = 0
Number of asset objects unloaded after import = 68
========================================================================
Received Import Request.
  Time since last request: 0.000020 seconds.
  path: Assets/Fantasy_Free/Prefabs/fabulous_mushroom_002.prefab
  artifactKey: Guid(a0216f6abe621034ca17954a9b7a9bd0) Importer(815301076,1909f56bfc062723c751e8b465ee728b)
Start importing Assets/Fantasy_Free/Prefabs/fabulous_mushroom_002.prefab using Guid(a0216f6abe621034ca17954a9b7a9bd0) Importer(815301076,1909f56bfc062723c751e8b465ee728b)  -> (artifact id: 'f23961da5876e97f2e157bbf510dc2bd') in 0.014548 seconds
Number of updated asset objects reloaded before import = 0
Number of asset objects unloaded after import = 17
========================================================================
Received Import Request.
  Time since last request: 0.000020 seconds.
  path: Assets/Fantasy_Free/Prefabs/jug_005.prefab
  artifactKey: Guid(57189de443db1ea4c915621f039aa50c) Importer(815301076,1909f56bfc062723c751e8b465ee728b)
Start importing Assets/Fantasy_Free/Prefabs/jug_005.prefab using Guid(57189de443db1ea4c915621f039aa50c) Importer(815301076,1909f56bfc062723c751e8b465ee728b)  -> (artifact id: '75071a679680acd1405cbf95647e1aec') in 0.015914 seconds
Number of updated asset objects reloaded before import = 0
Number of asset objects unloaded after import = 17
========================================================================
Received Import Request.
  Time since last request: 0.000019 seconds.
  path: Assets/Fantasy_Free/Prefabs/bag_004.prefab
  artifactKey: Guid(25d51e14d95ed7d4c9f6d86187739f63) Importer(815301076,1909f56bfc062723c751e8b465ee728b)
Start importing Assets/Fantasy_Free/Prefabs/bag_004.prefab using Guid(25d51e14d95ed7d4c9f6d86187739f63) Importer(815301076,1909f56bfc062723c751e8b465ee728b)  -> (artifact id: '8df6b2eeee6e37155ca2c84e146a79d9') in 0.016561 seconds
Number of updated asset objects reloaded before import = 0
Number of asset objects unloaded after import = 17
========================================================================
Received Import Request.
  Time since last request: 0.000020 seconds.
  path: Assets/Fantasy_Free/Prefabs/cart_001.prefab
  artifactKey: Guid(2a94b9debc75c6742a43af2f0bcacd0a) Importer(815301076,1909f56bfc062723c751e8b465ee728b)
Start importing Assets/Fantasy_Free/Prefabs/cart_001.prefab using Guid(2a94b9debc75c6742a43af2f0bcacd0a) Importer(815301076,1909f56bfc062723c751e8b465ee728b)  -> (artifact id: 'dc4136411237d641645dccb789deddfe') in 0.016171 seconds
Number of updated asset objects reloaded before import = 0
Number of asset objects unloaded after import = 17
========================================================================
Received Import Request.
  Time since last request: 0.000034 seconds.
  path: Assets/Fantasy_Free/Prefabs/log_002.prefab
  artifactKey: Guid(987fc8d49400dfe4794097c043f5eb7c) Importer(815301076,1909f56bfc062723c751e8b465ee728b)
Start importing Assets/Fantasy_Free/Prefabs/log_002.prefab using Guid(987fc8d49400dfe4794097c043f5eb7c) Importer(815301076,1909f56bfc062723c751e8b465ee728b)  -> (artifact id: 'b8aeeca79da46cbc7076f2ebf714a6ed') in 0.016717 seconds
Number of updated asset objects reloaded before import = 0
Number of asset objects unloaded after import = 17
========================================================================
Received Import Request.
  Time since last request: 0.000021 seconds.
  path: Assets/Fantasy_Free/Prefabs/log_003.prefab
  artifactKey: Guid(2cb74f8103cb0ce49b58f953f665431f) Importer(815301076,1909f56bfc062723c751e8b465ee728b)
Start importing Assets/Fantasy_Free/Prefabs/log_003.prefab using Guid(2cb74f8103cb0ce49b58f953f665431f) Importer(815301076,1909f56bfc062723c751e8b465ee728b)  -> (artifact id: '325b58e9c0d3a75ae58cf22868f25cbd') in 0.014784 seconds
Number of updated asset objects reloaded before import = 0
Number of asset objects unloaded after import = 17
========================================================================
Received Import Request.
  Time since last request: 0.000016 seconds.
  path: Assets/Fantasy_Free/Prefabs/cactus_001.prefab
  artifactKey: Guid(9e4b4e46deb9a5846aa0b6f1d5af3bc8) Importer(815301076,1909f56bfc062723c751e8b465ee728b)
Start importing Assets/Fantasy_Free/Prefabs/cactus_001.prefab using Guid(9e4b4e46deb9a5846aa0b6f1d5af3bc8) Importer(815301076,1909f56bfc062723c751e8b465ee728b)  -> (artifact id: '79ead2769cdd6885d6855981a2e8447b') in 0.016144 seconds
Number of updated asset objects reloaded before import = 0
Number of asset objects unloaded after import = 17
========================================================================
Received Import Request.
  Time since last request: 0.000022 seconds.
  path: Assets/Fantasy_Free/Prefabs/house_001.prefab
  artifactKey: Guid(f5e4906233f730046b4a304d661200e9) Importer(815301076,1909f56bfc062723c751e8b465ee728b)
Start importing Assets/Fantasy_Free/Prefabs/house_001.prefab using Guid(f5e4906233f730046b4a304d661200e9) Importer(815301076,1909f56bfc062723c751e8b465ee728b)  -> (artifact id: '58d90778c79463626747b3415e54a04d') in 0.015949 seconds
Number of updated asset objects reloaded before import = 0
Number of asset objects unloaded after import = 17
========================================================================
Received Import Request.
  Time since last request: 0.000029 seconds.
  path: Assets/Fantasy_Free/Prefabs/log_001.prefab
  artifactKey: Guid(8e2010e0358849549a618800225d83c0) Importer(815301076,1909f56bfc062723c751e8b465ee728b)
Start importing Assets/Fantasy_Free/Prefabs/log_001.prefab using Guid(8e2010e0358849549a618800225d83c0) Importer(815301076,1909f56bfc062723c751e8b465ee728b)  -> (artifact id: 'dbae6f1c1e3ff92a7e046286075ab438') in 0.016875 seconds
Number of updated asset objects reloaded before import = 0
Number of asset objects unloaded after import = 17
========================================================================
Received Import Request.
  Time since last request: 0.000021 seconds.
  path: Assets/Fantasy_Free/Prefabs/box_001.prefab
  artifactKey: Guid(e69ec790c0cf5be4592ddfef0d155762) Importer(815301076,1909f56bfc062723c751e8b465ee728b)
Start importing Assets/Fantasy_Free/Prefabs/box_001.prefab using Guid(e69ec790c0cf5be4592ddfef0d155762) Importer(815301076,1909f56bfc062723c751e8b465ee728b)  -> (artifact id: '2a29431f2d4802d7df9cca50dfdbc0b8') in 0.014393 seconds
Number of updated asset objects reloaded before import = 0
Number of asset objects unloaded after import = 17
========================================================================
Received Import Request.
  Time since last request: 0.760775 seconds.
  path: Assets/Fantasy_Free/Prefabs/plate_002.prefab
  artifactKey: Guid(4d908e4753fc8064fb59d422a4c3f172) Importer(815301076,1909f56bfc062723c751e8b465ee728b)
Start importing Assets/Fantasy_Free/Prefabs/plate_002.prefab using Guid(4d908e4753fc8064fb59d422a4c3f172) Importer(815301076,1909f56bfc062723c751e8b465ee728b)  -> (artifact id: '7828dc1abb5bf8cb48c61e43c31b83b8') in 0.014411 seconds
Number of updated asset objects reloaded before import = 0
Number of asset objects unloaded after import = 17
========================================================================
Received Import Request.
  Time since last request: 0.000019 seconds.
  path: Assets/Fantasy_Free/Prefabs/pointer_001.prefab
  artifactKey: Guid(370ae9c4633674d44af69d2b2e11dba5) Importer(815301076,1909f56bfc062723c751e8b465ee728b)
Start importing Assets/Fantasy_Free/Prefabs/pointer_001.prefab using Guid(370ae9c4633674d44af69d2b2e11dba5) Importer(815301076,1909f56bfc062723c751e8b465ee728b)  -> (artifact id: 'b4c4ca558afb7f7fb09ce4ea1d8982c3') in 0.014403 seconds
Number of updated asset objects reloaded before import = 0
Number of asset objects unloaded after import = 17
========================================================================
Received Import Request.
  Time since last request: 0.000016 seconds.
  path: Assets/Fantasy_Free/Prefabs/stall_table_001.prefab
  artifactKey: Guid(07743e45b78754c40811c663de41b6ff) Importer(815301076,1909f56bfc062723c751e8b465ee728b)
Start importing Assets/Fantasy_Free/Prefabs/stall_table_001.prefab using Guid(07743e45b78754c40811c663de41b6ff) Importer(815301076,1909f56bfc062723c751e8b465ee728b)  -> (artifact id: '08421787744676b897f194437881aa1c') in 0.015620 seconds
Number of updated asset objects reloaded before import = 0
Number of asset objects unloaded after import = 17
========================================================================
Received Import Request.
  Time since last request: 0.000023 seconds.
  path: Assets/Fantasy_Free/Prefabs/table_001.prefab
  artifactKey: Guid(3d387d4823d032b4bbf8ce3d412253d1) Importer(815301076,1909f56bfc062723c751e8b465ee728b)
Start importing Assets/Fantasy_Free/Prefabs/table_001.prefab using Guid(3d387d4823d032b4bbf8ce3d412253d1) Importer(815301076,1909f56bfc062723c751e8b465ee728b)  -> (artifact id: '1873f18757e46c02a248e507f2f8710f') in 0.014281 seconds
Number of updated asset objects reloaded before import = 0
Number of asset objects unloaded after import = 17
========================================================================
Received Import Request.
  Time since last request: 392.892575 seconds.
  path: Assets/Fantasy_Free/Materials/Material.mat
  artifactKey: Guid(14c9fd1ef92b17541a42ed0c06ff5409) Importer(815301076,1909f56bfc062723c751e8b465ee728b)
Start importing Assets/Fantasy_Free/Materials/Material.mat using Guid(14c9fd1ef92b17541a42ed0c06ff5409) Importer(815301076,1909f56bfc062723c751e8b465ee728b)  -> (artifact id: '8e8db30fffbafc969fce9fa22cd731ad') in 0.035870 seconds
Number of updated asset objects reloaded before import = 0
Number of asset objects unloaded after import = 2
========================================================================
Received Import Request.
  Time since last request: 0.845839 seconds.
  path: Assets/Fantasy_Free/Meshes/bag_001.fbx
  artifactKey: Guid(4fc9435e73165a148996574e197a3107) Importer(815301076,1909f56bfc062723c751e8b465ee728b)
Start importing Assets/Fantasy_Free/Meshes/bag_001.fbx using Guid(4fc9435e73165a148996574e197a3107) Importer(815301076,1909f56bfc062723c751e8b465ee728b)  -> (artifact id: 'f023ec807321bb04b348f52ae9f2d027') in 0.029339 seconds
Number of updated asset objects reloaded before import = 0
Number of asset objects unloaded after import = 7
========================================================================
Received Import Request.
  Time since last request: 0.000016 seconds.
  path: Assets/Fantasy_Free/Meshes/fabulous_mushroom_001.fbx
  artifactKey: Guid(d25790d011d1dd34a8a4991cee752b04) Importer(815301076,1909f56bfc062723c751e8b465ee728b)
Start importing Assets/Fantasy_Free/Meshes/fabulous_mushroom_001.fbx using Guid(d25790d011d1dd34a8a4991cee752b04) Importer(815301076,1909f56bfc062723c751e8b465ee728b)  -> (artifact id: '38f3dd969b384448a9917a5a46f02791') in 0.016315 seconds
Number of updated asset objects reloaded before import = 0
Number of asset objects unloaded after import = 7
========================================================================
Received Import Request.
  Time since last request: 0.000014 seconds.
  path: Assets/Fantasy_Free/Meshes/Crane_001.fbx
  artifactKey: Guid(5de6bd44b7bedbc4497300c86fd8f014) Importer(815301076,1909f56bfc062723c751e8b465ee728b)
Start importing Assets/Fantasy_Free/Meshes/Crane_001.fbx using Guid(5de6bd44b7bedbc4497300c86fd8f014) Importer(815301076,1909f56bfc062723c751e8b465ee728b)  -> (artifact id: '7bd1092aef8bb4f9510356a39f67a1e2') in 0.073568 seconds
Number of updated asset objects reloaded before import = 0
Number of asset objects unloaded after import = 36
========================================================================
Received Import Request.
  Time since last request: 0.000013 seconds.
  path: Assets/Fantasy_Free/Meshes/box_001.fbx
  artifactKey: Guid(75971e221ffe2c34a9c3df487b4f032e) Importer(815301076,1909f56bfc062723c751e8b465ee728b)
Start importing Assets/Fantasy_Free/Meshes/box_001.fbx using Guid(75971e221ffe2c34a9c3df487b4f032e) Importer(815301076,1909f56bfc062723c751e8b465ee728b)  -> (artifact id: '4e60b1a212d6687421d6e63be25124d2') in 0.019767 seconds
Number of updated asset objects reloaded before import = 0
Number of asset objects unloaded after import = 7
========================================================================
Received Import Request.
  Time since last request: 0.000014 seconds.
  path: Assets/Fantasy_Free/Meshes/jug_004.fbx
  artifactKey: Guid(b86d5fd92f013a448b423d736d966618) Importer(815301076,1909f56bfc062723c751e8b465ee728b)
Start importing Assets/Fantasy_Free/Meshes/jug_004.fbx using Guid(b86d5fd92f013a448b423d736d966618) Importer(815301076,1909f56bfc062723c751e8b465ee728b)  -> (artifact id: '62069f9a6e0e67fe54fa57761b268d67') in 0.022334 seconds
Number of updated asset objects reloaded before import = 0
Number of asset objects unloaded after import = 7
========================================================================
Received Import Request.
  Time since last request: 0.000021 seconds.
  path: Assets/Fantasy_Free/Meshes/log_003.fbx
  artifactKey: Guid(5801f63b71486f649915bc4cd44d9dd0) Importer(815301076,1909f56bfc062723c751e8b465ee728b)
Start importing Assets/Fantasy_Free/Meshes/log_003.fbx using Guid(5801f63b71486f649915bc4cd44d9dd0) Importer(815301076,1909f56bfc062723c751e8b465ee728b)  -> (artifact id: '228f507722e588521a8b0ae57b9aa191') in 0.022646 seconds
Number of updated asset objects reloaded before import = 0
Number of asset objects unloaded after import = 7
========================================================================
Received Import Request.
  Time since last request: 0.000020 seconds.
  path: Assets/Fantasy_Free/Meshes/cactus_001.fbx
  artifactKey: Guid(940ad2d4de7dfa74abdcb0d49b609bcc) Importer(815301076,1909f56bfc062723c751e8b465ee728b)
Start importing Assets/Fantasy_Free/Meshes/cactus_001.fbx using Guid(940ad2d4de7dfa74abdcb0d49b609bcc) Importer(815301076,1909f56bfc062723c751e8b465ee728b)  -> (artifact id: '9dd3466798c07ec5421deb39ae076510') in 0.019905 seconds
Number of updated asset objects reloaded before import = 0
Number of asset objects unloaded after import = 7
========================================================================
Received Import Request.
  Time since last request: 0.000021 seconds.
  path: Assets/Fantasy_Free/Meshes/house_002.fbx
  artifactKey: Guid(6c31dd6049ce38043b25661864744ba9) Importer(815301076,1909f56bfc062723c751e8b465ee728b)
Start importing Assets/Fantasy_Free/Meshes/house_002.fbx using Guid(6c31dd6049ce38043b25661864744ba9) Importer(815301076,1909f56bfc062723c751e8b465ee728b)  -> (artifact id: '5ee6d25573f44d3b33485e13e08d01e9') in 0.023160 seconds
Number of updated asset objects reloaded before import = 0
Number of asset objects unloaded after import = 7
========================================================================
Received Import Request.
  Time since last request: 0.000015 seconds.
  path: Assets/Fantasy_Free/Meshes/fabulous_mushroom_002.fbx
  artifactKey: Guid(db5d00ad380d1ea4b9af092623e25e12) Importer(815301076,1909f56bfc062723c751e8b465ee728b)
Start importing Assets/Fantasy_Free/Meshes/fabulous_mushroom_002.fbx using Guid(db5d00ad380d1ea4b9af092623e25e12) Importer(815301076,1909f56bfc062723c751e8b465ee728b)  -> (artifact id: '8ae6edf6197bb65d1e0e3efbbb385f31') in 0.022047 seconds
Number of updated asset objects reloaded before import = 0
Number of asset objects unloaded after import = 7
========================================================================
Received Import Request.
  Time since last request: 0.000016 seconds.
  path: Assets/Fantasy_Free/Meshes/big_fabulous_tree_001.fbx
  artifactKey: Guid(c88c1634fd0d6214ca77da72c300a7f7) Importer(815301076,1909f56bfc062723c751e8b465ee728b)
Start importing Assets/Fantasy_Free/Meshes/big_fabulous_tree_001.fbx using Guid(c88c1634fd0d6214ca77da72c300a7f7) Importer(815301076,1909f56bfc062723c751e8b465ee728b)  -> (artifact id: '1d04ec4bc369227377dbd49cdc50a7d5') in 0.019268 seconds
Number of updated asset objects reloaded before import = 0
Number of asset objects unloaded after import = 7
========================================================================
Received Import Request.
  Time since last request: 0.000015 seconds.
  path: Assets/Fantasy_Free/Meshes/plate_001.fbx
  artifactKey: Guid(d11d241cd6bc47e4bb890642fe025943) Importer(815301076,1909f56bfc062723c751e8b465ee728b)
Start importing Assets/Fantasy_Free/Meshes/plate_001.fbx using Guid(d11d241cd6bc47e4bb890642fe025943) Importer(815301076,1909f56bfc062723c751e8b465ee728b)  -> (artifact id: '8f88d5e5c82369abd4fb401c298f7846') in 0.022621 seconds
Number of updated asset objects reloaded before import = 0
Number of asset objects unloaded after import = 7
========================================================================
Received Import Request.
  Time since last request: 0.000019 seconds.
  path: Assets/Fantasy_Free/Meshes/jug_001.fbx
  artifactKey: Guid(930d4541161616d44a9abca9c7f70815) Importer(815301076,1909f56bfc062723c751e8b465ee728b)
Start importing Assets/Fantasy_Free/Meshes/jug_001.fbx using Guid(930d4541161616d44a9abca9c7f70815) Importer(815301076,1909f56bfc062723c751e8b465ee728b)  -> (artifact id: '24ba49c3839288659e1c752b4994cfc0') in 0.021701 seconds
Number of updated asset objects reloaded before import = 0
Number of asset objects unloaded after import = 7
========================================================================
Received Import Request.
  Time since last request: 0.000019 seconds.
  path: Assets/Fantasy_Free/Meshes/fabulous_mushroom_003.fbx
  artifactKey: Guid(480fac4eaafb30d458ef3de2c67c4d44) Importer(815301076,1909f56bfc062723c751e8b465ee728b)
Start importing Assets/Fantasy_Free/Meshes/fabulous_mushroom_003.fbx using Guid(480fac4eaafb30d458ef3de2c67c4d44) Importer(815301076,1909f56bfc062723c751e8b465ee728b)  -> (artifact id: 'f186debd52b0616b8566c21e93ba52e5') in 0.019214 seconds
Number of updated asset objects reloaded before import = 0
Number of asset objects unloaded after import = 7
========================================================================
Received Import Request.
  Time since last request: 0.000015 seconds.
  path: Assets/Fantasy_Free/Meshes/bag_004.fbx
  artifactKey: Guid(aeb3f925bf010cf42bcdb2b83d41ca95) Importer(815301076,1909f56bfc062723c751e8b465ee728b)
Start importing Assets/Fantasy_Free/Meshes/bag_004.fbx using Guid(aeb3f925bf010cf42bcdb2b83d41ca95) Importer(815301076,1909f56bfc062723c751e8b465ee728b)  -> (artifact id: 'cb1e330701fa8741b3b2da2cacfbd4e2') in 0.019628 seconds
Number of updated asset objects reloaded before import = 0
Number of asset objects unloaded after import = 7
========================================================================
Received Import Request.
  Time since last request: 0.000019 seconds.
  path: Assets/Fantasy_Free/Meshes/log_004.fbx
  artifactKey: Guid(415059b8035bec44a851a765a008568b) Importer(815301076,1909f56bfc062723c751e8b465ee728b)
Start importing Assets/Fantasy_Free/Meshes/log_004.fbx using Guid(415059b8035bec44a851a765a008568b) Importer(815301076,1909f56bfc062723c751e8b465ee728b)  -> (artifact id: '96c99e0251a3567a3c79645719f2b6f0') in 0.017238 seconds
Number of updated asset objects reloaded before import = 0
Number of asset objects unloaded after import = 7
========================================================================
Received Import Request.
  Time since last request: 0.000016 seconds.
  path: Assets/Fantasy_Free/Meshes/log_002.fbx
  artifactKey: Guid(749e4892f680ec34ca59a30e560388b7) Importer(815301076,1909f56bfc062723c751e8b465ee728b)
Start importing Assets/Fantasy_Free/Meshes/log_002.fbx using Guid(749e4892f680ec34ca59a30e560388b7) Importer(815301076,1909f56bfc062723c751e8b465ee728b)  -> (artifact id: '64aa9bbb82b247ef7aa7c5525d7e4812') in 0.017144 seconds
Number of updated asset objects reloaded before import = 0
Number of asset objects unloaded after import = 7
========================================================================
Received Import Request.
  Time since last request: 56.026630 seconds.
  path: Assets/Quirky Series Ultimate/_Animations/Shapekey
  artifactKey: Guid(db8a03194223d764b8a9bd6c21aef063) Importer(815301076,1909f56bfc062723c751e8b465ee728b)
Start importing Assets/Quirky Series Ultimate/_Animations/Shapekey using Guid(db8a03194223d764b8a9bd6c21aef063) Importer(815301076,1909f56bfc062723c751e8b465ee728b)  -> (artifact id: '609b73541a8e53d67e1c71cd7080a04a') in 0.000506 seconds
Number of updated asset objects reloaded before import = 0
Number of asset objects unloaded after import = 0
========================================================================
Received Import Request.
  Time since last request: 18.955653 seconds.
  path: Assets/Quirky Series Ultimate/FREE/Textures
  artifactKey: Guid(e5a774108eebe7c4ca7d852a2820198c) Importer(815301076,1909f56bfc062723c751e8b465ee728b)
Start importing Assets/Quirky Series Ultimate/FREE/Textures using Guid(e5a774108eebe7c4ca7d852a2820198c) Importer(815301076,1909f56bfc062723c751e8b465ee728b)  -> (artifact id: '57291dbd4d833fa2c2ba3bfe114eae06') in 0.001233 seconds
Number of updated asset objects reloaded before import = 0
Number of asset objects unloaded after import = 0
========================================================================
Received Import Request.
  Time since last request: 0.063357 seconds.
  path: Assets/Quirky Series Ultimate/FREE/Textures/T_Colobus.png
  artifactKey: Guid(b4b1d3fe77ffc854f875d0e7cde95ccd) Importer(815301076,1909f56bfc062723c751e8b465ee728b)
Start importing Assets/Quirky Series Ultimate/FREE/Textures/T_Colobus.png using Guid(b4b1d3fe77ffc854f875d0e7cde95ccd) Importer(815301076,1909f56bfc062723c751e8b465ee728b)  -> (artifact id: 'f474a8f6c8586c3e693970d949f82469') in 0.021873 seconds
Number of updated asset objects reloaded before import = 0
Number of asset objects unloaded after import = 2
========================================================================
Received Import Request.
  Time since last request: 0.000014 seconds.
  path: Assets/Quirky Series Ultimate/FREE/Textures/T_Squid.png
  artifactKey: Guid(83be6572454ffc2418a41deb170e2212) Importer(815301076,1909f56bfc062723c751e8b465ee728b)
Start importing Assets/Quirky Series Ultimate/FREE/Textures/T_Squid.png using Guid(83be6572454ffc2418a41deb170e2212) Importer(815301076,1909f56bfc062723c751e8b465ee728b)  -> (artifact id: '81e72a3c08d2e3be9227e6c14c6bb22d') in 0.014611 seconds
Number of updated asset objects reloaded before import = 0
Number of asset objects unloaded after import = 2
========================================================================
Received Import Request.
  Time since last request: 0.000018 seconds.
  path: Assets/Quirky Series Ultimate/FREE/Textures/T_Muskrat.png
  artifactKey: Guid(adfe2a70e712b6843b576ca9b1b1a094) Importer(815301076,1909f56bfc062723c751e8b465ee728b)
Start importing Assets/Quirky Series Ultimate/FREE/Textures/T_Muskrat.png using Guid(adfe2a70e712b6843b576ca9b1b1a094) Importer(815301076,1909f56bfc062723c751e8b465ee728b)  -> (artifact id: '97a613683e553616faed7bb028c8c496') in 0.022044 seconds
Number of updated asset objects reloaded before import = 0
Number of asset objects unloaded after import = 2
========================================================================
Received Import Request.
  Time since last request: 0.000017 seconds.
  path: Assets/Quirky Series Ultimate/FREE/Textures/T_Sparrow.png
  artifactKey: Guid(446f99d27897d674fae36a9422fe157a) Importer(815301076,1909f56bfc062723c751e8b465ee728b)
Start importing Assets/Quirky Series Ultimate/FREE/Textures/T_Sparrow.png using Guid(446f99d27897d674fae36a9422fe157a) Importer(815301076,1909f56bfc062723c751e8b465ee728b)  -> (artifact id: '9c7c8ca4f36195eac5192bdc90ef6853') in 0.024267 seconds
Number of updated asset objects reloaded before import = 0
Number of asset objects unloaded after import = 2
========================================================================
Received Import Request.
  Time since last request: 1.883238 seconds.
  path: Assets/Quirky Series Ultimate/FREE/Prefabs/Colobus.prefab
  artifactKey: Guid(84b7c8441f160174fa5c6f94cf397f0a) Importer(815301076,1909f56bfc062723c751e8b465ee728b)
Start importing Assets/Quirky Series Ultimate/FREE/Prefabs/Colobus.prefab using Guid(84b7c8441f160174fa5c6f94cf397f0a) Importer(815301076,1909f56bfc062723c751e8b465ee728b)  -> (artifact id: '2cc21ca834c1fcdc29fdedfd0864a4a3') in 0.124955 seconds
Number of updated asset objects reloaded before import = 0
Number of asset objects unloaded after import = 127
========================================================================
Received Import Request.
  Time since last request: 0.000018 seconds.
  path: Assets/Quirky Series Ultimate/FREE/Prefabs/Squid.prefab
  artifactKey: Guid(818c5a1ba0d9810439f11299463f2294) Importer(815301076,1909f56bfc062723c751e8b465ee728b)
Start importing Assets/Quirky Series Ultimate/FREE/Prefabs/Squid.prefab using Guid(818c5a1ba0d9810439f11299463f2294) Importer(815301076,1909f56bfc062723c751e8b465ee728b)  -> (artifact id: '5676f4dd63ab54a5e9796157211e63a1') in 0.126313 seconds
Number of updated asset objects reloaded before import = 0
Number of asset objects unloaded after import = 141
========================================================================
Received Import Request.
  Time since last request: 0.000033 seconds.
  path: Assets/Quirky Series Ultimate/FREE/Prefabs/Sparrow.prefab
  artifactKey: Guid(ad4137f595ec8e2449cacca9df7d3735) Importer(815301076,1909f56bfc062723c751e8b465ee728b)
Start importing Assets/Quirky Series Ultimate/FREE/Prefabs/Sparrow.prefab using Guid(ad4137f595ec8e2449cacca9df7d3735) Importer(815301076,1909f56bfc062723c751e8b465ee728b)  -> (artifact id: '34a93bdc687d4478ebba722f6c40dee8') in 0.112218 seconds
Number of updated asset objects reloaded before import = 0
Number of asset objects unloaded after import = 128
========================================================================
Received Import Request.
  Time since last request: 0.000033 seconds.
  path: Assets/Quirky Series Ultimate/FREE/Prefabs/Pudu.prefab
  artifactKey: Guid(252ba5fa5d8167e42af72cf97baa830e) Importer(815301076,1909f56bfc062723c751e8b465ee728b)
Start importing Assets/Quirky Series Ultimate/FREE/Prefabs/Pudu.prefab using Guid(252ba5fa5d8167e42af72cf97baa830e) Importer(815301076,1909f56bfc062723c751e8b465ee728b)  -> (artifact id: '9af1eda936b0a57203542c530526be26') in 0.125285 seconds
Number of updated asset objects reloaded before import = 0
Number of asset objects unloaded after import = 125
========================================================================
Received Import Request.
  Time since last request: 0.979847 seconds.
  path: Assets/Quirky Series Ultimate/FREE/Materials/M_Colobus.mat
  artifactKey: Guid(fd1c8abba3cacb847a1c1796d0d8257d) Importer(815301076,1909f56bfc062723c751e8b465ee728b)
Start importing Assets/Quirky Series Ultimate/FREE/Materials/M_Colobus.mat using Guid(fd1c8abba3cacb847a1c1796d0d8257d) Importer(815301076,1909f56bfc062723c751e8b465ee728b)  -> (artifact id: '95355c4a53735c6d881cef1d4e4f6e65') in 0.013127 seconds
Number of updated asset objects reloaded before import = 0
Number of asset objects unloaded after import = 2
========================================================================
Received Import Request.
  Time since last request: 0.000019 seconds.
  path: Assets/Quirky Series Ultimate/FREE/Materials/M_Herring.mat
  artifactKey: Guid(3e8aafc24b32c3c4b894a9711d0f877b) Importer(815301076,1909f56bfc062723c751e8b465ee728b)
Start importing Assets/Quirky Series Ultimate/FREE/Materials/M_Herring.mat using Guid(3e8aafc24b32c3c4b894a9711d0f877b) Importer(815301076,1909f56bfc062723c751e8b465ee728b)  -> (artifact id: 'a7e08d9f49956c499d571167a63d1efa') in 0.012963 seconds
Number of updated asset objects reloaded before import = 0
Number of asset objects unloaded after import = 2
========================================================================
Received Import Request.
  Time since last request: 0.000015 seconds.
  path: Assets/Quirky Series Ultimate/FREE/Materials/M_Pudu.mat
  artifactKey: Guid(efb81d917c9bfa34f98e2e93ae65b97d) Importer(815301076,1909f56bfc062723c751e8b465ee728b)
Start importing Assets/Quirky Series Ultimate/FREE/Materials/M_Pudu.mat using Guid(efb81d917c9bfa34f98e2e93ae65b97d) Importer(815301076,1909f56bfc062723c751e8b465ee728b)  -> (artifact id: 'c61ccb9195b1f619822470c52bb51aba') in 0.014127 seconds
Number of updated asset objects reloaded before import = 0
Number of asset objects unloaded after import = 2
========================================================================
Received Import Request.
  Time since last request: 0.000018 seconds.
  path: Assets/Quirky Series Ultimate/FREE/Materials/M_Muskrat.mat
  artifactKey: Guid(71824330e53acb448a9f9c1f4cfc7aee) Importer(815301076,1909f56bfc062723c751e8b465ee728b)
Start importing Assets/Quirky Series Ultimate/FREE/Materials/M_Muskrat.mat using Guid(71824330e53acb448a9f9c1f4cfc7aee) Importer(815301076,1909f56bfc062723c751e8b465ee728b)  -> (artifact id: 'bada9720e7006f1119df1ab7c5cff98c') in 0.015256 seconds
Number of updated asset objects reloaded before import = 0
Number of asset objects unloaded after import = 2
========================================================================
Received Import Request.
  Time since last request: 0.000021 seconds.
  path: Assets/Quirky Series Ultimate/FREE/Materials/M_Taipan.mat
  artifactKey: Guid(9ac546314689e854b8fe7a04dee1fc86) Importer(815301076,1909f56bfc062723c751e8b465ee728b)
Start importing Assets/Quirky Series Ultimate/FREE/Materials/M_Taipan.mat using Guid(9ac546314689e854b8fe7a04dee1fc86) Importer(815301076,1909f56bfc062723c751e8b465ee728b)  -> (artifact id: 'df92f5a550c5a545dacad00079f8a9a0') in 0.013227 seconds
Number of updated asset objects reloaded before import = 0
Number of asset objects unloaded after import = 2
========================================================================
Received Import Request.
  Time since last request: 1.117922 seconds.
  path: Assets/Quirky Series Ultimate/FREE/Animations/Colobus_Animations.fbx
  artifactKey: Guid(b7b20bc931c427e46a8b1918db64e552) Importer(815301076,1909f56bfc062723c751e8b465ee728b)
Start importing Assets/Quirky Series Ultimate/FREE/Animations/Colobus_Animations.fbx using Guid(b7b20bc931c427e46a8b1918db64e552) Importer(815301076,1909f56bfc062723c751e8b465ee728b)  -> (artifact id: '30f80e2e03bb811bc0692e1289f532a2') in 0.029149 seconds
Number of updated asset objects reloaded before import = 0
Number of asset objects unloaded after import = 52
========================================================================
Received Import Request.
  Time since last request: 0.000013 seconds.
  path: Assets/Quirky Series Ultimate/FREE/Animations/Squid_Animations.fbx
  artifactKey: Guid(f2c84b0c526b37c45806428bb221b269) Importer(815301076,1909f56bfc062723c751e8b465ee728b)
Start importing Assets/Quirky Series Ultimate/FREE/Animations/Squid_Animations.fbx using Guid(f2c84b0c526b37c45806428bb221b269) Importer(815301076,1909f56bfc062723c751e8b465ee728b)  -> (artifact id: '2442658cf27bcbf87a6e141c9bb38b6f') in 0.029527 seconds
Number of updated asset objects reloaded before import = 0
Number of asset objects unloaded after import = 67
========================================================================
Received Import Request.
  Time since last request: 0.000018 seconds.
  path: Assets/Quirky Series Ultimate/FREE/Animations/Pudu_Animations.fbx
  artifactKey: Guid(b33fe6572f5e9b54e85212ea4aaf5a08) Importer(815301076,1909f56bfc062723c751e8b465ee728b)
Start importing Assets/Quirky Series Ultimate/FREE/Animations/Pudu_Animations.fbx using Guid(b33fe6572f5e9b54e85212ea4aaf5a08) Importer(815301076,1909f56bfc062723c751e8b465ee728b)  -> (artifact id: 'c87d173c4913832d3a3e79f5bdf1b4a0') in 0.030593 seconds
Number of updated asset objects reloaded before import = 0
Number of asset objects unloaded after import = 50
========================================================================
Received Import Request.
  Time since last request: 0.000016 seconds.
  path: Assets/Quirky Series Ultimate/FREE/Animations/Taipan_Animations.fbx
  artifactKey: Guid(1c77555fce85aa74da16fd6cadfac6b8) Importer(815301076,1909f56bfc062723c751e8b465ee728b)
Start importing Assets/Quirky Series Ultimate/FREE/Animations/Taipan_Animations.fbx using Guid(1c77555fce85aa74da16fd6cadfac6b8) Importer(815301076,1909f56bfc062723c751e8b465ee728b)  -> (artifact id: 'b3986d2f667098f665c69c611215199e') in 0.030054 seconds
Number of updated asset objects reloaded before import = 0
Number of asset objects unloaded after import = 48
========================================================================
Received Import Request.
  Time since last request: 2349.844160 seconds.
  path: Assets/Food_FREE/Meshes/apple_001.fbx
  artifactKey: Guid(ec6b75d454e7f8f4781f3ce98fea3e7f) Importer(815301076,1909f56bfc062723c751e8b465ee728b)
Start importing Assets/Food_FREE/Meshes/apple_001.fbx using Guid(ec6b75d454e7f8f4781f3ce98fea3e7f) Importer(815301076,1909f56bfc062723c751e8b465ee728b)  -> (artifact id: '009f16eb36aaea98f4d2add1c48c7399') in 0.018278 seconds
Number of updated asset objects reloaded before import = 0
Number of asset objects unloaded after import = 7
========================================================================
Received Import Request.
  Time since last request: 0.000022 seconds.
  path: Assets/Food_FREE/Meshes/burger_001.fbx
  artifactKey: Guid(b9e0dc1ab0567274ca3d07fa03c545f0) Importer(815301076,1909f56bfc062723c751e8b465ee728b)
Start importing Assets/Food_FREE/Meshes/burger_001.fbx using Guid(b9e0dc1ab0567274ca3d07fa03c545f0) Importer(815301076,1909f56bfc062723c751e8b465ee728b)  -> (artifact id: '53520b188801181c95a5d48ef3a3a152') in 0.017137 seconds
Number of updated asset objects reloaded before import = 0
Number of asset objects unloaded after import = 7
========================================================================
Received Import Request.
  Time since last request: 0.000015 seconds.
  path: Assets/Food_FREE/Meshes/donut_001.fbx
  artifactKey: Guid(577045aaae10359478868e58bdc87b03) Importer(815301076,1909f56bfc062723c751e8b465ee728b)
Start importing Assets/Food_FREE/Meshes/donut_001.fbx using Guid(577045aaae10359478868e58bdc87b03) Importer(815301076,1909f56bfc062723c751e8b465ee728b)  -> (artifact id: '04ce229ec1239f06e5d67ec3d567ed3e') in 0.018530 seconds
Number of updated asset objects reloaded before import = 0
Number of asset objects unloaded after import = 7
========================================================================
Received Import Request.
  Time since last request: 0.000015 seconds.
  path: Assets/Food_FREE/Meshes/fork_001.fbx
  artifactKey: Guid(edecf380fec20c842b4edd08d5bec47a) Importer(815301076,1909f56bfc062723c751e8b465ee728b)
Start importing Assets/Food_FREE/Meshes/fork_001.fbx using Guid(edecf380fec20c842b4edd08d5bec47a) Importer(815301076,1909f56bfc062723c751e8b465ee728b)  -> (artifact id: '41e56743515c4307e7638cc3a9529baa') in 0.016363 seconds
Number of updated asset objects reloaded before import = 0
Number of asset objects unloaded after import = 7
========================================================================
Received Import Request.
  Time since last request: 0.000023 seconds.
  path: Assets/Food_FREE/Meshes/fish_001.fbx
  artifactKey: Guid(cc9555660233b1f4c8e9da5c66a9dab1) Importer(815301076,1909f56bfc062723c751e8b465ee728b)
Start importing Assets/Food_FREE/Meshes/fish_001.fbx using Guid(cc9555660233b1f4c8e9da5c66a9dab1) Importer(815301076,1909f56bfc062723c751e8b465ee728b)  -> (artifact id: '687ceed1e3575ddebaf70d99a20d1a50') in 0.016495 seconds
Number of updated asset objects reloaded before import = 0
Number of asset objects unloaded after import = 7
========================================================================
Received Import Request.
  Time since last request: 0.000015 seconds.
  path: Assets/Food_FREE/Meshes/tomato_001.fbx
  artifactKey: Guid(0fe214b4718d3fc41aa37c205ae164ec) Importer(815301076,1909f56bfc062723c751e8b465ee728b)
Start importing Assets/Food_FREE/Meshes/tomato_001.fbx using Guid(0fe214b4718d3fc41aa37c205ae164ec) Importer(815301076,1909f56bfc062723c751e8b465ee728b)  -> (artifact id: '0bea24d5fb2de5e258b2d8de2f7c0882') in 0.020887 seconds
Number of updated asset objects reloaded before import = 0
Number of asset objects unloaded after import = 7
========================================================================
Received Import Request.
  Time since last request: 0.000017 seconds.
  path: Assets/Food_FREE/Meshes/sushi_dish_001.fbx
  artifactKey: Guid(a290a309ed93f924b8c5e5727f903d00) Importer(815301076,1909f56bfc062723c751e8b465ee728b)
Start importing Assets/Food_FREE/Meshes/sushi_dish_001.fbx using Guid(a290a309ed93f924b8c5e5727f903d00) Importer(815301076,1909f56bfc062723c751e8b465ee728b)  -> (artifact id: '33499887b3d5d32cc261915124daf12c') in 0.033352 seconds
Number of updated asset objects reloaded before import = 0
Number of asset objects unloaded after import = 7
========================================================================
Received Import Request.
  Time since last request: 0.000018 seconds.
  path: Assets/Food_FREE/Meshes/wineglass_001.fbx
  artifactKey: Guid(a85c04d0f7dd0a14e988a543bd46a93d) Importer(815301076,1909f56bfc062723c751e8b465ee728b)
Start importing Assets/Food_FREE/Meshes/wineglass_001.fbx using Guid(a85c04d0f7dd0a14e988a543bd46a93d) Importer(815301076,1909f56bfc062723c751e8b465ee728b)  -> (artifact id: '162cec6fae7c2e0a8ebadd2034242e6f') in 0.017462 seconds
Number of updated asset objects reloaded before import = 0
Number of asset objects unloaded after import = 7
========================================================================
Received Import Request.
  Time since last request: 0.000015 seconds.
  path: Assets/Food_FREE/Meshes/sandwich_001.fbx
  artifactKey: Guid(8ee5b8ec18f4a1c41b3c9c20412d6670) Importer(815301076,1909f56bfc062723c751e8b465ee728b)
Start importing Assets/Food_FREE/Meshes/sandwich_001.fbx using Guid(8ee5b8ec18f4a1c41b3c9c20412d6670) Importer(815301076,1909f56bfc062723c751e8b465ee728b)  -> (artifact id: '2d4537d2cd03994fec82180cb6b74ec2') in 0.015302 seconds
Number of updated asset objects reloaded before import = 0
Number of asset objects unloaded after import = 7
========================================================================
Received Import Request.
  Time since last request: 0.000019 seconds.
  path: Assets/Food_FREE/Meshes/chips_001.fbx
  artifactKey: Guid(bfa69215c106c624f9bbd20882758a79) Importer(815301076,1909f56bfc062723c751e8b465ee728b)
Start importing Assets/Food_FREE/Meshes/chips_001.fbx using Guid(bfa69215c106c624f9bbd20882758a79) Importer(815301076,1909f56bfc062723c751e8b465ee728b)  -> (artifact id: 'df0e1f1c37d4e9ed14731e6d891b3591') in 0.017513 seconds
Number of updated asset objects reloaded before import = 0
Number of asset objects unloaded after import = 7
========================================================================
Received Import Request.
  Time since last request: 0.000015 seconds.
  path: Assets/Food_FREE/Meshes/ice_cream_dish_001.fbx
  artifactKey: Guid(fd20fe41de0b6b145a3a455a612c3662) Importer(815301076,1909f56bfc062723c751e8b465ee728b)
Start importing Assets/Food_FREE/Meshes/ice_cream_dish_001.fbx using Guid(fd20fe41de0b6b145a3a455a612c3662) Importer(815301076,1909f56bfc062723c751e8b465ee728b)  -> (artifact id: '068d56ff41dae8571d105b443046b5e1') in 0.016829 seconds
Number of updated asset objects reloaded before import = 0
Number of asset objects unloaded after import = 7
========================================================================
Received Import Request.
  Time since last request: 0.000016 seconds.
  path: Assets/Food_FREE/Meshes/coffee_002.fbx
  artifactKey: Guid(2f8c857b192eb45438fc348d00f0e1dc) Importer(815301076,1909f56bfc062723c751e8b465ee728b)
Start importing Assets/Food_FREE/Meshes/coffee_002.fbx using Guid(2f8c857b192eb45438fc348d00f0e1dc) Importer(815301076,1909f56bfc062723c751e8b465ee728b)  -> (artifact id: 'ba5219774bef85770f00658fd5a72d2d') in 0.019401 seconds
Number of updated asset objects reloaded before import = 0
Number of asset objects unloaded after import = 7
